# JRE version: Java(TM) SE Runtime Environment (9.0+11) (build 9.0.4+11)
# Java VM: Java HotSpot(TM) 64-Bit Server VM (9.0.4+11, mixed mode, tiered, compressed oops, g1 gc, windows-amd64)
Heap:
 garbage-first heap   total 188416K, used 107378K [0x0000000700000000, 0x00000007001005c0, 0x00000007c0000000)
  region size 1024K, 39 young (39936K), 1 survivors (1024K)
 Metaspace       used 82650K, capacity 88707K, committed 88780K, reserved 1126400K
  class space    used 11210K, capacity 12278K, committed 12288K, reserved 1048576K
GC Heap History (10 events):
Event: 2150.241 GC heap before
{Heap before GC invocations=157 (full 29):
 garbage-first heap   total 188416K, used 129751K [0x0000000700000000, 0x00000007001005c0, 0x00000007c0000000)
  region size 1024K, 60 young (61440K), 1 survivors (1024K)
 Metaspace       used 82590K, capacity 88643K, committed 88780K, reserved 1126400K
  class space    used 11210K, capacity 12278K, committed 12288K, reserved 1048576K
}
Event: 2150.246 GC heap after
{Heap after GC invocations=158 (full 29):
 garbage-first heap   total 188416K, used 69242K [0x0000000700000000, 0x00000007001005c0, 0x00000007c0000000)
  region size 1024K, 1 young (1024K), 1 survivors (1024K)
 Metaspace       used 82590K, capacity 88643K, committed 88780K, reserved 1126400K
  class space    used 11210K, capacity 12278K, committed 12288K, reserved 1048576K
}
Event: 2183.521 GC heap before
{Heap before GC invocations=158 (full 29):
 garbage-first heap   total 188416K, used 129658K [0x0000000700000000, 0x00000007001005c0, 0x00000007c0000000)
  region size 1024K, 60 young (61440K), 1 survivors (1024K)
 Metaspace       used 82591K, capacity 88643K, committed 88780K, reserved 1126400K
  class space    used 11210K, capacity 12278K, committed 12288K, reserved 1048576K
}
Event: 2183.525 GC heap after
{Heap after GC invocations=159 (full 29):
 garbage-first heap   total 188416K, used 69373K [0x0000000700000000, 0x00000007001005c0, 0x00000007c0000000)
  region size 1024K, 1 young (1024K), 1 survivors (1024K)
 Metaspace       used 82591K, capacity 88643K, committed 88780K, reserved 1126400K
  class space    used 11210K, capacity 12278K, committed 12288K, reserved 1048576K
}
Event: 2229.683 GC heap before
{Heap before GC invocations=159 (full 29):
 garbage-first heap   total 188416K, used 129789K [0x0000000700000000, 0x00000007001005c0, 0x00000007c0000000)
  region size 1024K, 60 young (61440K), 1 survivors (1024K)
 Metaspace       used 82593K, capacity 88643K, committed 88780K, reserved 1126400K
  class space    used 11210K, capacity 12278K, committed 12288K, reserved 1048576K
}
Event: 2229.687 GC heap after
{Heap after GC invocations=160 (full 29):
 garbage-first heap   total 188416K, used 69439K [0x0000000700000000, 0x00000007001005c0, 0x00000007c0000000)
  region size 1024K, 1 young (1024K), 1 survivors (1024K)
 Metaspace       used 82593K, capacity 88643K, committed 88780K, reserved 1126400K
  class space    used 11210K, capacity 12278K, committed 12288K, reserved 1048576K
}
Event: 2263.924 GC heap before
{Heap before GC invocations=160 (full 29):
 garbage-first heap   total 188416K, used 129855K [0x0000000700000000, 0x00000007001005c0, 0x00000007c0000000)
  region size 1024K, 61 young (62464K), 1 survivors (1024K)
 Metaspace       used 82616K, capacity 88643K, committed 88780K, reserved 1126400K
  class space    used 11210K, capacity 12278K, committed 12288K, reserved 1048576K
}
Event: 2263.927 GC heap after
{Heap after GC invocations=161 (full 29):
 garbage-first heap   total 188416K, used 69512K [0x0000000700000000, 0x00000007001005c0, 0x00000007c0000000)
  region size 1024K, 1 young (1024K), 1 survivors (1024K)
 Metaspace       used 82616K, capacity 88643K, committed 88780K, reserved 1126400K
  class space    used 11210K, capacity 12278K, committed 12288K, reserved 1048576K
}
Event: 2264.561 GC heap before
{Heap before GC invocations=161 (full 29):
 garbage-first heap   total 188416K, used 129928K [0x0000000700000000, 0x00000007001005c0, 0x00000007c0000000)
  region size 1024K, 60 young (61440K), 1 survivors (1024K)
 Metaspace       used 82629K, capacity 88643K, committed 88780K, reserved 1126400K
  class space    used 11210K, capacity 12278K, committed 12288K, reserved 1048576K
}
Event: 2264.564 GC heap after
{Heap after GC invocations=162 (full 29):
 garbage-first heap   total 188416K, used 69490K [0x0000000700000000, 0x00000007001005c0, 0x00000007c0000000)
  region size 1024K, 1 young (1024K), 1 survivors (1024K)
 Metaspace       used 82629K, capacity 88643K, committed 88780K, reserved 1126400K
  class space    used 11210K, capacity 12278K, committed 12288K, reserved 1048576K
}

